<?xml version="1.0" encoding="UTF-8"?>
<testsuite name="test.java.WSHandlerJUnit4Test" time="0.395" tests="3" errors="0" skipped="0" failures="0">
  <properties>
[...]
</properties>
  <testcase name="testToConvertGregorianCalenderToXMLGregorianCalender" classname="test.java.WSHandlerJUnit4Test" time="0.04"/>
  <testcase name="testToUTF8RepresentationConversion" classname="test.java.WSHandlerJUnit4Test" time="0"/>
  <testcase name="testListWithMocks" classname="test.java.WSHandlerJUnit4Test" time="0.355"/>
</testsuite>